Loading and parsing config
Loading path: N:/Documents/git/Erasmus-GMX-Merge/Examples/Erasmus.gmx/Configs/Default.config.gmx
Loading object files
Loading path: N:/Documents/git/Erasmus-GMX-Merge/Examples/Erasmus.gmx/objects/TextBox.object.gmx
Loading path: N:/Documents/git/Erasmus-GMX-Merge/Examples/Erasmus.gmx/objects/obj_Player.object.gmx
Loading path: N:/Documents/git/Erasmus-GMX-Merge/Examples/Erasmus.gmx/objects/obj_Floor.object.gmx
Loading path: N:/Documents/git/Erasmus-GMX-Merge/Examples/Erasmus.gmx/objects/obj_Door.object.gmx
Loading path: N:/Documents/git/Erasmus-GMX-Merge/Examples/Erasmus.gmx/objects/obj_story_alert_1.object.gmx
Parsing scripts
Loading path: N:/Documents/git/Erasmus-GMX-Merge/Examples/Erasmus.gmx/scripts/testCallback.gml
Loading room data
Loading path: N:/Documents/git/Erasmus-GMX-Merge/Examples/Erasmus.gmx/rooms/room0.room.gmx
Loading sprite data
Loading path: N:/Documents/git/Erasmus-GMX-Merge/Examples/Erasmus.gmx/sprites/spr_TextBox.sprite.gmx
Loading path: N:/Documents/git/Erasmus-GMX-Merge/Examples/Erasmus.gmx/sprites/Floor.sprite.gmx
Loading path: N:/Documents/git/Erasmus-GMX-Merge/Examples/Erasmus.gmx/sprites/sprite2.sprite.gmx
Loading path: N:/Documents/git/Erasmus-GMX-Merge/Examples/Erasmus.gmx/sprites/sprite3.sprite.gmx
Loading path: N:/Documents/git/Erasmus-GMX-Merge/Examples/Erasmus.gmx/sprites/sprite4.sprite.gmx
Loading path: N:/Documents/git/Erasmus-GMX-Merge/Examples/Erasmus.gmx/sprites/sprite5.sprite.gmx
{'objectNames': ['TextBox',
                 'obj_Player',
                 'obj_Floor',
                 'obj_Door',
                 'obj_story_alert_1'],
 'roomNames': ['room0'],
 'scriptNames': ['testCallback'],
 'spriteNames': ['spr_TextBox',
                 'Floor',
                 'sprite2',
                 'sprite3',
                 'sprite4',
                 'sprite5']}
Loading and parsing config
Loading path: N:/Documents/git/Erasmus-GMX-Merge/Examples/FireWorldScales.gmx/Configs/Default.config.gmx
Loading object files
Found subdir: Scale
Loading:  N:/Documents/git/Erasmus-GMX-Merge/Examples/FireWorldScales.gmx/objects/obj_ScaleBasket.object.gmx
Found subdir: Eggs
Loading:  N:/Documents/git/Erasmus-GMX-Merge/Examples/FireWorldScales.gmx/objects/obj_EggNormal.object.gmx
Loading:  N:/Documents/git/Erasmus-GMX-Merge/Examples/FireWorldScales.gmx/objects/Obj_EggHeavy.object.gmx
Loading:  N:/Documents/git/Erasmus-GMX-Merge/Examples/FireWorldScales.gmx/objects/Obj_EggParent.object.gmx
Loading path: N:/Documents/git/Erasmus-GMX-Merge/Examples/FireWorldScales.gmx/objects/Obj_WeighButton.object.gmx
Loading path: N:/Documents/git/Erasmus-GMX-Merge/Examples/FireWorldScales.gmx/objects/Obj_Shelf.object.gmx
Loading path: N:/Documents/git/Erasmus-GMX-Merge/Examples/FireWorldScales.gmx/objects/object6.object.gmx
Loading path: N:/Documents/git/Erasmus-GMX-Merge/Examples/FireWorldScales.gmx/objects/TextBox.object.gmx
Parsing scripts
Loading path: N:/Documents/git/Erasmus-GMX-Merge/Examples/FireWorldScales.gmx/scripts/GenEggs.gml
Loading path: N:/Documents/git/Erasmus-GMX-Merge/Examples/FireWorldScales.gmx/scripts/moveEggs.gml
Loading path: N:/Documents/git/Erasmus-GMX-Merge/Examples/FireWorldScales.gmx/scripts/testCallback.gml
Loading room data
Loading path: N:/Documents/git/Erasmus-GMX-Merge/Examples/FireWorldScales.gmx/rooms/TestRoomScale.room.gmx
Loading sprite data
Loading path: N:/Documents/git/Erasmus-GMX-Merge/Examples/FireWorldScales.gmx/sprites/spr_Basket.sprite.gmx
Loading path: N:/Documents/git/Erasmus-GMX-Merge/Examples/FireWorldScales.gmx/sprites/Spr_Egg1.sprite.gmx
Loading path: N:/Documents/git/Erasmus-GMX-Merge/Examples/FireWorldScales.gmx/sprites/Spr_Egg2.sprite.gmx
Loading path: N:/Documents/git/Erasmus-GMX-Merge/Examples/FireWorldScales.gmx/sprites/Spr_Egg3.sprite.gmx
Loading path: N:/Documents/git/Erasmus-GMX-Merge/Examples/FireWorldScales.gmx/sprites/Spr_Egg4.sprite.gmx
Loading path: N:/Documents/git/Erasmus-GMX-Merge/Examples/FireWorldScales.gmx/sprites/Spr_Egg5.sprite.gmx
Loading path: N:/Documents/git/Erasmus-GMX-Merge/Examples/FireWorldScales.gmx/sprites/Spr_Egg6.sprite.gmx
Loading path: N:/Documents/git/Erasmus-GMX-Merge/Examples/FireWorldScales.gmx/sprites/Spr_Egg7.sprite.gmx
Loading path: N:/Documents/git/Erasmus-GMX-Merge/Examples/FireWorldScales.gmx/sprites/Spr_Egg8.sprite.gmx
Loading path: N:/Documents/git/Erasmus-GMX-Merge/Examples/FireWorldScales.gmx/sprites/Spr_Egg9.sprite.gmx
Loading path: N:/Documents/git/Erasmus-GMX-Merge/Examples/FireWorldScales.gmx/sprites/Spr_WeighButton.sprite.gmx
Loading path: N:/Documents/git/Erasmus-GMX-Merge/Examples/FireWorldScales.gmx/sprites/Shelf.sprite.gmx
Loading path: N:/Documents/git/Erasmus-GMX-Merge/Examples/FireWorldScales.gmx/sprites/spr_TextBox.sprite.gmx
Loading path: N:/Documents/git/Erasmus-GMX-Merge/Examples/FireWorldScales.gmx/sprites/spr_TextBoxActive.sprite.gmx
{'objectNames': ['obj_ScaleBasket',
                 'obj_EggNormal',
                 'Obj_EggHeavy',
                 'Obj_EggParent',
                 'Obj_WeighButton',
                 'Obj_Shelf',
                 'object6',
                 'TextBox'],
 'roomNames': ['TestRoomScale'],
 'scriptNames': ['GenEggs', 'moveEggs', 'testCallback'],
 'spriteNames': ['spr_Basket',
                 'Spr_Egg1',
                 'Spr_Egg2',
                 'Spr_Egg3',
                 'Spr_Egg4',
                 'Spr_Egg5',
                 'Spr_Egg6',
                 'Spr_Egg7',
                 'Spr_Egg8',
                 'Spr_Egg9',
                 'Spr_WeighButton',
                 'Shelf',
                 'spr_TextBox',
                 'spr_TextBoxActive']}
Making merge directory
Output directory already exists, remove? (y/n)Removing
Making N:\Documents\git\Erasmus-GMX-Merge\Examples\Merge\Configs\Erasmus directory
Making N:\Documents\git\Erasmus-GMX-Merge\Examples\Merge\Configs\FireWorldScales directory
Making N:\Documents\git\Erasmus-GMX-Merge\Examples\Merge\objects\Erasmus directory
Making N:\Documents\git\Erasmus-GMX-Merge\Examples\Merge\objects\FireWorldScales directory
Making N:\Documents\git\Erasmus-GMX-Merge\Examples\Merge\Output\Erasmus directory
Making N:\Documents\git\Erasmus-GMX-Merge\Examples\Merge\Output\FireWorldScales directory
Making N:\Documents\git\Erasmus-GMX-Merge\Examples\Merge\rooms\Erasmus directory
Making N:\Documents\git\Erasmus-GMX-Merge\Examples\Merge\rooms\FireWorldScales directory
Making N:\Documents\git\Erasmus-GMX-Merge\Examples\Merge\script\Erasmus directory
Making N:\Documents\git\Erasmus-GMX-Merge\Examples\Merge\script\FireWorldScales directory
Making N:\Documents\git\Erasmus-GMX-Merge\Examples\Merge\sprites\Erasmus directory
Making N:\Documents\git\Erasmus-GMX-Merge\Examples\Merge\sprites\FireWorldScales directory
renamed spr_TextBox to spr_Erasmus_spr_TextBox
renamed Floor to spr_Erasmus_Floor
renamed sprite2 to spr_Erasmus_sprite2
renamed sprite3 to spr_Erasmus_sprite3
renamed sprite4 to spr_Erasmus_sprite4
renamed sprite5 to spr_Erasmus_sprite5
renamed testCallback to scr_Erasmus_testCallback
renamed room0 to roo_Erasmus_room0
renamed TextBox to obj_Erasmus_TextBox
renamed obj_Player to obj_Erasmus_obj_Player
renamed obj_Floor to obj_Erasmus_obj_Floor
renamed obj_Door to obj_Erasmus_obj_Door
renamed obj_story_alert_1 to obj_Erasmus_obj_story_alert_1
renamed spr_Basket to spr_FireWorldScales_spr_Basket
renamed Spr_Egg1 to spr_FireWorldScales_Spr_Egg1
renamed Spr_Egg2 to spr_FireWorldScales_Spr_Egg2
renamed Spr_Egg3 to spr_FireWorldScales_Spr_Egg3
renamed Spr_Egg4 to spr_FireWorldScales_Spr_Egg4
renamed Spr_Egg5 to spr_FireWorldScales_Spr_Egg5
renamed Spr_Egg6 to spr_FireWorldScales_Spr_Egg6
renamed Spr_Egg7 to spr_FireWorldScales_Spr_Egg7
renamed Spr_Egg8 to spr_FireWorldScales_Spr_Egg8
renamed Spr_Egg9 to spr_FireWorldScales_Spr_Egg9
renamed Spr_WeighButton to spr_FireWorldScales_Spr_WeighButton
renamed Shelf to spr_FireWorldScales_Shelf
renamed spr_TextBox to spr_FireWorldScales_spr_TextBox
renamed spr_TextBoxActive to spr_FireWorldScales_spr_TextBoxActive
renamed GenEggs to scr_FireWorldScales_GenEggs
renamed moveEggs to scr_FireWorldScales_moveEggs
renamed testCallback to scr_FireWorldScales_testCallback
renamed TestRoomScale to roo_FireWorldScales_TestRoomScale
renamed obj_ScaleBasket to obj_FireWorldScales_obj_ScaleBasket
renamed obj_EggNormal to obj_FireWorldScales_obj_EggNormal
renamed Obj_EggHeavy to obj_FireWorldScales_Obj_EggHeavy
renamed Obj_EggParent to obj_FireWorldScales_Obj_EggParent
renamed Obj_WeighButton to obj_FireWorldScales_Obj_WeighButton
renamed Obj_Shelf to obj_FireWorldScales_Obj_Shelf
renamed object6 to obj_FireWorldScales_object6
renamed TextBox to obj_FireWorldScales_TextBox
going in path
working in Erasmus
unable to copy N:\Documents\git\Erasmus-GMX-Merge/Examples/Erasmus.gmx/sprites/images/sprite5_0.png This could be that the sprite has no image
going in path
working in FireWorldScales
New project name: ./Examples/Merge\Merge.project.gmx
[['Configs', 'name=configs', [['Config', 'Configs\\Default']]], ['NewExtensions', ''], ['sounds', 'name=sound', ''], ['sprites', 'name=sprites', [['sprite', 'sprites\\Erasmus\\s'], ['sprite', 'sprites\\Erasmus\\F'], ['sprite', 'sprites\\Erasmus\\s'], ['sprite', 'sprites\\Erasmus\\s'], ['sprite', 'sprites\\Erasmus\\s'], ['sprite', 'sprites\\Erasmus\\s']]]]
X: ('spr_Erasmus_spr_TextBox', 'spr_TextBox')
X: ('spr_Erasmus_Floor', 'Floor')
X: ('spr_Erasmus_sprite2', 'sprite2')
X: ('spr_Erasmus_sprite3', 'sprite3')
X: ('spr_Erasmus_sprite4', 'sprite4')
X: ('spr_Erasmus_sprite5', 'sprite5')
X: ('scr_Erasmus_testCallback', 'testCallback')
X: ('roo_Erasmus_room0', 'room0')
X: ('obj_Erasmus_TextBox', 'TextBox')
X: ('obj_Erasmus_obj_Player', 'obj_Player')
X: ('obj_Erasmus_obj_Floor', 'obj_Floor')
X: ('obj_Erasmus_obj_Door', 'obj_Door')
X: ('obj_Erasmus_obj_story_alert_1', 'obj_story_alert_1')
finiš
